[2024-12-08T14:44:53.281+0000] {local_task_job_runner.py:123} INFO - ::group::Pre task execution logs
[2024-12-08T14:44:53.298+0000] {taskinstance.py:2613} INFO - Dependencies all met for dep_context=non-requeueable deps ti=<TaskInstance: sparking_flow.python_job manual__2024-12-08T14:44:51.124972+00:00 [queued]>
[2024-12-08T14:44:53.307+0000] {taskinstance.py:2613} INFO - Dependencies all met for dep_context=requeueable deps ti=<TaskInstance: sparking_flow.python_job manual__2024-12-08T14:44:51.124972+00:00 [queued]>
[2024-12-08T14:44:53.307+0000] {taskinstance.py:2866} INFO - Starting attempt 1 of 1
[2024-12-08T14:44:53.319+0000] {taskinstance.py:2889} INFO - Executing <Task(SparkSubmitOperator): python_job> on 2024-12-08 14:44:51.124972+00:00
[2024-12-08T14:44:53.328+0000] {logging_mixin.py:190} WARNING - /home/***/.local/lib/python3.12/site-packages/***/task/task_runner/standard_task_runner.py:70 DeprecationWarning: This process (pid=185) is multi-threaded, use of fork() may lead to deadlocks in the child.
[2024-12-08T14:44:53.327+0000] {standard_task_runner.py:104} INFO - Running: ['***', 'tasks', 'run', 'sparking_flow', 'python_job', 'manual__2024-12-08T14:44:51.124972+00:00', '--job-id', '175', '--raw', '--subdir', 'DAGS_FOLDER/spark_***.py', '--cfg-path', '/tmp/tmph6qzx4ym']
[2024-12-08T14:44:53.329+0000] {standard_task_runner.py:72} INFO - Started process 190 to run task
[2024-12-08T14:44:53.330+0000] {standard_task_runner.py:105} INFO - Job 175: Subtask python_job
[2024-12-08T14:44:53.383+0000] {task_command.py:467} INFO - Running <TaskInstance: sparking_flow.python_job manual__2024-12-08T14:44:51.124972+00:00 [running]> on host 2a892a3469ec
[2024-12-08T14:44:53.464+0000] {taskinstance.py:3132} INFO - Exporting env vars: AIRFLOW_CTX_DAG_OWNER='Yusuf Ganiyu' AIRFLOW_CTX_DAG_ID='sparking_flow' AIRFLOW_CTX_TASK_ID='python_job' AIRFLOW_CTX_EXECUTION_DATE='2024-12-08T14:44:51.124972+00:00' AIRFLOW_CTX_TRY_NUMBER='1' AIRFLOW_CTX_DAG_RUN_ID='manual__2024-12-08T14:44:51.124972+00:00'
[2024-12-08T14:44:53.465+0000] {taskinstance.py:731} INFO - ::endgroup::
[2024-12-08T14:44:53.487+0000] {base.py:84} INFO - Retrieving connection 'spark-conn'
[2024-12-08T14:44:53.488+0000] {spark_submit.py:473} INFO - Spark-Submit cmd: spark-submit --master spark://sparkingflow-spark-master-1:7077 --name arrow-spark --deploy-mode client jobs/python/wordcountjob.py
[2024-12-08T14:44:59.327+0000] {spark_submit.py:634} INFO - 24/12/08 14:44:59 INFO SparkContext: Running Spark version 3.5.3
[2024-12-08T14:44:59.333+0000] {spark_submit.py:634} INFO - 24/12/08 14:44:59 INFO SparkContext: OS info Linux, 6.10.14-linuxkit, aarch64
[2024-12-08T14:44:59.334+0000] {spark_submit.py:634} INFO - 24/12/08 14:44:59 INFO SparkContext: Java version 17.0.13
[2024-12-08T14:44:59.449+0000] {spark_submit.py:634} INFO - 24/12/08 14:44:59 WARN NativeCodeLoader: Unable to load native-hadoop library for your platform... using builtin-java classes where applicable
[2024-12-08T14:44:59.702+0000] {spark_submit.py:634} INFO - 24/12/08 14:44:59 INFO ResourceUtils: ==============================================================
[2024-12-08T14:44:59.706+0000] {spark_submit.py:634} INFO - 24/12/08 14:44:59 INFO ResourceUtils: No custom resources configured for spark.driver.
[2024-12-08T14:44:59.707+0000] {spark_submit.py:634} INFO - 24/12/08 14:44:59 INFO ResourceUtils: ==============================================================
[2024-12-08T14:44:59.708+0000] {spark_submit.py:634} INFO - 24/12/08 14:44:59 INFO SparkContext: Submitted application: arrow-spark
[2024-12-08T14:44:59.753+0000] {spark_submit.py:634} INFO - 24/12/08 14:44:59 INFO ResourceProfile: Default ResourceProfile created, executor resources: Map(memory -> name: memory, amount: 1024, script: , vendor: , offHeap -> name: offHeap, amount: 0, script: , vendor: ), task resources: Map(cpus -> name: cpus, amount: 1.0)
[2024-12-08T14:44:59.773+0000] {spark_submit.py:634} INFO - 24/12/08 14:44:59 INFO ResourceProfile: Limiting resource is cpu
[2024-12-08T14:44:59.778+0000] {spark_submit.py:634} INFO - 24/12/08 14:44:59 INFO ResourceProfileManager: Added ResourceProfile id: 0
[2024-12-08T14:44:59.896+0000] {spark_submit.py:634} INFO - 24/12/08 14:44:59 INFO SecurityManager: Changing view acls to: ***
[2024-12-08T14:44:59.899+0000] {spark_submit.py:634} INFO - 24/12/08 14:44:59 INFO SecurityManager: Changing modify acls to: ***
[2024-12-08T14:44:59.901+0000] {spark_submit.py:634} INFO - 24/12/08 14:44:59 INFO SecurityManager: Changing view acls groups to:
[2024-12-08T14:44:59.902+0000] {spark_submit.py:634} INFO - 24/12/08 14:44:59 INFO SecurityManager: Changing modify acls groups to:
[2024-12-08T14:44:59.908+0000] {spark_submit.py:634} INFO - 24/12/08 14:44:59 INFO SecurityManager: SecurityManager: authentication disabled; ui acls disabled; users with view permissions: ***; groups with view permissions: EMPTY; users with modify permissions: ***; groups with modify permissions: EMPTY
[2024-12-08T14:45:00.550+0000] {spark_submit.py:634} INFO - 24/12/08 14:45:00 INFO Utils: Successfully started service 'sparkDriver' on port 39321.
[2024-12-08T14:45:00.648+0000] {spark_submit.py:634} INFO - 24/12/08 14:45:00 INFO SparkEnv: Registering MapOutputTracker
[2024-12-08T14:45:00.761+0000] {spark_submit.py:634} INFO - 24/12/08 14:45:00 INFO SparkEnv: Registering BlockManagerMaster
[2024-12-08T14:45:00.812+0000] {spark_submit.py:634} INFO - 24/12/08 14:45:00 INFO BlockManagerMasterEndpoint: Using org.apache.spark.storage.DefaultTopologyMapper for getting topology information
[2024-12-08T14:45:00.814+0000] {spark_submit.py:634} INFO - 24/12/08 14:45:00 INFO BlockManagerMasterEndpoint: BlockManagerMasterEndpoint up
[2024-12-08T14:45:00.832+0000] {spark_submit.py:634} INFO - 24/12/08 14:45:00 INFO SparkEnv: Registering BlockManagerMasterHeartbeat
[2024-12-08T14:45:00.881+0000] {spark_submit.py:634} INFO - 24/12/08 14:45:00 INFO DiskBlockManager: Created local directory at /tmp/blockmgr-53b86dfc-a4df-4e66-b22d-f94ecf67b325
[2024-12-08T14:45:00.923+0000] {spark_submit.py:634} INFO - 24/12/08 14:45:00 INFO MemoryStore: MemoryStore started with capacity 434.4 MiB
[2024-12-08T14:45:00.953+0000] {spark_submit.py:634} INFO - 24/12/08 14:45:00 INFO SparkEnv: Registering OutputCommitCoordinator
[2024-12-08T14:45:01.451+0000] {spark_submit.py:634} INFO - 24/12/08 14:45:01 INFO JettyUtils: Start Jetty 0.0.0.0:4040 for SparkUI
[2024-12-08T14:45:01.573+0000] {spark_submit.py:634} INFO - 24/12/08 14:45:01 INFO Utils: Successfully started service 'SparkUI' on port 4040.
[2024-12-08T14:45:01.857+0000] {spark_submit.py:634} INFO - 24/12/08 14:45:01 INFO StandaloneAppClient$ClientEndpoint: Connecting to master spark://sparkingflow-spark-master-1:7077...
[2024-12-08T14:45:01.938+0000] {spark_submit.py:634} INFO - 24/12/08 14:45:01 INFO TransportClientFactory: Successfully created connection to sparkingflow-spark-master-1/172.18.0.5:7077 after 43 ms (0 ms spent in bootstraps)
[2024-12-08T14:45:02.091+0000] {spark_submit.py:634} INFO - 24/12/08 14:45:02 INFO StandaloneSchedulerBackend: Connected to Spark cluster with app ID app-20241208144502-0001
[2024-12-08T14:45:02.103+0000] {spark_submit.py:634} INFO - 24/12/08 14:45:02 INFO Utils: Successfully started service 'org.apache.spark.network.netty.NettyBlockTransferService' on port 41383.
[2024-12-08T14:45:02.104+0000] {spark_submit.py:634} INFO - 24/12/08 14:45:02 INFO NettyBlockTransferService: Server created on 2a892a3469ec:41383
[2024-12-08T14:45:02.106+0000] {spark_submit.py:634} INFO - 24/12/08 14:45:02 INFO BlockManager: Using org.apache.spark.storage.RandomBlockReplicationPolicy for block replication policy
[2024-12-08T14:45:02.116+0000] {spark_submit.py:634} INFO - 24/12/08 14:45:02 INFO BlockManagerMaster: Registering BlockManager BlockManagerId(driver, 2a892a3469ec, 41383, None)
[2024-12-08T14:45:02.120+0000] {spark_submit.py:634} INFO - 24/12/08 14:45:02 INFO BlockManagerMasterEndpoint: Registering block manager 2a892a3469ec:41383 with 434.4 MiB RAM, BlockManagerId(driver, 2a892a3469ec, 41383, None)
[2024-12-08T14:45:02.123+0000] {spark_submit.py:634} INFO - 24/12/08 14:45:02 INFO BlockManagerMaster: Registered BlockManager BlockManagerId(driver, 2a892a3469ec, 41383, None)
[2024-12-08T14:45:02.124+0000] {spark_submit.py:634} INFO - 24/12/08 14:45:02 INFO BlockManager: Initialized BlockManager: BlockManagerId(driver, 2a892a3469ec, 41383, None)
[2024-12-08T14:45:02.398+0000] {spark_submit.py:634} INFO - 24/12/08 14:45:02 INFO StandaloneSchedulerBackend: SchedulerBackend is ready for scheduling beginning after reached minRegisteredResourcesRatio: 0.0
[2024-12-08T14:45:02.452+0000] {spark_submit.py:634} INFO - Traceback (most recent call last):
[2024-12-08T14:45:02.454+0000] {spark_submit.py:634} INFO - File "/usr/local/lib/python3.12/urllib/parse.py", line 988, in urlencode
[2024-12-08T14:45:02.458+0000] {spark_submit.py:634} INFO - raise TypeError
[2024-12-08T14:45:02.458+0000] {spark_submit.py:634} INFO - TypeError
[2024-12-08T14:45:02.462+0000] {spark_submit.py:634} INFO - 
[2024-12-08T14:45:02.463+0000] {spark_submit.py:634} INFO - The above exception was the direct cause of the following exception:
[2024-12-08T14:45:02.463+0000] {spark_submit.py:634} INFO - 
[2024-12-08T14:45:02.463+0000] {spark_submit.py:634} INFO - Traceback (most recent call last):
[2024-12-08T14:45:02.464+0000] {spark_submit.py:634} INFO - File "/opt/***/jobs/python/wordcountjob.py", line 71, in <module>
[2024-12-08T14:45:02.465+0000] {spark_submit.py:634} INFO - file_path_clean = urllib.parse.urlencode(ftp_path, safe='|')
[2024-12-08T14:45:02.465+0000] {spark_submit.py:634} INFO - ^^^^^^^^^^^^^^^^^^^^^^^^^^^^^^^^^^^^^^^^^^
[2024-12-08T14:45:02.466+0000] {spark_submit.py:634} INFO - File "/usr/local/lib/python3.12/urllib/parse.py", line 994, in urlencode
[2024-12-08T14:45:02.468+0000] {spark_submit.py:634} INFO - raise TypeError("not a valid non-string sequence "
[2024-12-08T14:45:02.471+0000] {spark_submit.py:634} INFO - TypeError: not a valid non-string sequence or mapping object
[2024-12-08T14:45:02.536+0000] {spark_submit.py:634} INFO - 24/12/08 14:45:02 INFO SparkContext: Invoking stop() from shutdown hook
[2024-12-08T14:45:02.542+0000] {spark_submit.py:634} INFO - 24/12/08 14:45:02 INFO SparkContext: SparkContext is stopping with exitCode 0.
[2024-12-08T14:45:02.561+0000] {spark_submit.py:634} INFO - 24/12/08 14:45:02 INFO SparkUI: Stopped Spark web UI at http://2a892a3469ec:4040
[2024-12-08T14:45:02.572+0000] {spark_submit.py:634} INFO - 24/12/08 14:45:02 INFO StandaloneSchedulerBackend: Shutting down all executors
[2024-12-08T14:45:02.578+0000] {spark_submit.py:634} INFO - 24/12/08 14:45:02 INFO StandaloneSchedulerBackend$StandaloneDriverEndpoint: Asking each executor to shut down
[2024-12-08T14:45:02.625+0000] {spark_submit.py:634} INFO - 24/12/08 14:45:02 INFO MapOutputTrackerMasterEndpoint: MapOutputTrackerMasterEndpoint stopped!
[2024-12-08T14:45:02.657+0000] {spark_submit.py:634} INFO - 24/12/08 14:45:02 INFO MemoryStore: MemoryStore cleared
[2024-12-08T14:45:02.661+0000] {spark_submit.py:634} INFO - 24/12/08 14:45:02 INFO BlockManager: BlockManager stopped
[2024-12-08T14:45:02.673+0000] {spark_submit.py:634} INFO - 24/12/08 14:45:02 INFO BlockManagerMaster: BlockManagerMaster stopped
[2024-12-08T14:45:02.678+0000] {spark_submit.py:634} INFO - 24/12/08 14:45:02 INFO OutputCommitCoordinator$OutputCommitCoordinatorEndpoint: OutputCommitCoordinator stopped!
[2024-12-08T14:45:02.702+0000] {spark_submit.py:634} INFO - 24/12/08 14:45:02 INFO SparkContext: Successfully stopped SparkContext
[2024-12-08T14:45:02.702+0000] {spark_submit.py:634} INFO - 24/12/08 14:45:02 INFO ShutdownHookManager: Shutdown hook called
[2024-12-08T14:45:02.703+0000] {spark_submit.py:634} INFO - 24/12/08 14:45:02 INFO ShutdownHookManager: Deleting directory /tmp/spark-aef6862d-bb09-4efd-8a99-db22dff95c89/pyspark-30c563b1-18b6-42ae-b36f-0bcb316de002
[2024-12-08T14:45:02.711+0000] {spark_submit.py:634} INFO - 24/12/08 14:45:02 INFO ShutdownHookManager: Deleting directory /tmp/spark-8f82151d-9825-4169-a1c0-4fb2783dc490
[2024-12-08T14:45:02.719+0000] {spark_submit.py:634} INFO - 24/12/08 14:45:02 INFO ShutdownHookManager: Deleting directory /tmp/spark-aef6862d-bb09-4efd-8a99-db22dff95c89
[2024-12-08T14:45:02.818+0000] {taskinstance.py:3311} ERROR - Task failed with exception
Traceback (most recent call last):
  File "/home/airflow/.local/lib/python3.12/site-packages/airflow/models/taskinstance.py", line 767, in _execute_task
    result = _execute_callable(context=context, **execute_callable_kwargs)
             ^^^^^^^^^^^^^^^^^^^^^^^^^^^^^^^^^^^^^^^^^^^^^^^^^^^^^^^^^^^^^
  File "/home/airflow/.local/lib/python3.12/site-packages/airflow/models/taskinstance.py", line 733, in _execute_callable
    return ExecutionCallableRunner(
           ^^^^^^^^^^^^^^^^^^^^^^^^
  File "/home/airflow/.local/lib/python3.12/site-packages/airflow/utils/operator_helpers.py", line 252, in run
    return self.func(*args, **kwargs)
           ^^^^^^^^^^^^^^^^^^^^^^^^^^
  File "/home/airflow/.local/lib/python3.12/site-packages/airflow/models/baseoperator.py", line 417, in wrapper
    return func(self, *args, **kwargs)
           ^^^^^^^^^^^^^^^^^^^^^^^^^^^
  File "/home/airflow/.local/lib/python3.12/site-packages/airflow/providers/apache/spark/operators/spark_submit.py", line 176, in execute
    self._hook.submit(self.application)
  File "/home/airflow/.local/lib/python3.12/site-packages/airflow/providers/apache/spark/hooks/spark_submit.py", line 560, in submit
    raise AirflowException(
airflow.exceptions.AirflowException: Cannot execute: spark-submit --master spark://sparkingflow-spark-master-1:7077 --name arrow-spark --deploy-mode client jobs/python/wordcountjob.py. Error code is: 1.
[2024-12-08T14:45:02.834+0000] {taskinstance.py:1225} INFO - Marking task as FAILED. dag_id=sparking_flow, task_id=python_job, run_id=manual__2024-12-08T14:44:51.124972+00:00, execution_date=20241208T144451, start_date=20241208T144453, end_date=20241208T144502
[2024-12-08T14:45:02.857+0000] {taskinstance.py:340} INFO - ::group::Post task execution logs
[2024-12-08T14:45:02.858+0000] {standard_task_runner.py:124} ERROR - Failed to execute job 175 for task python_job (Cannot execute: spark-submit --master spark://sparkingflow-spark-master-1:7077 --name arrow-spark --deploy-mode client jobs/python/wordcountjob.py. Error code is: 1.; 190)
Traceback (most recent call last):
  File "/home/airflow/.local/lib/python3.12/site-packages/airflow/task/task_runner/standard_task_runner.py", line 117, in _start_by_fork
    ret = args.func(args, dag=self.dag)
          ^^^^^^^^^^^^^^^^^^^^^^^^^^^^^
  File "/home/airflow/.local/lib/python3.12/site-packages/airflow/cli/cli_config.py", line 49, in command
    return func(*args, **kwargs)
           ^^^^^^^^^^^^^^^^^^^^^
  File "/home/airflow/.local/lib/python3.12/site-packages/airflow/utils/cli.py", line 116, in wrapper
    return f(*args, **kwargs)
           ^^^^^^^^^^^^^^^^^^
  File "/home/airflow/.local/lib/python3.12/site-packages/airflow/cli/commands/task_command.py", line 483, in task_run
    task_return_code = _run_task_by_selected_method(args, _dag, ti)
                       ^^^^^^^^^^^^^^^^^^^^^^^^^^^^^^^^^^^^^^^^^^^^
  File "/home/airflow/.local/lib/python3.12/site-packages/airflow/cli/commands/task_command.py", line 256, in _run_task_by_selected_method
    return _run_raw_task(args, ti)
           ^^^^^^^^^^^^^^^^^^^^^^^
  File "/home/airflow/.local/lib/python3.12/site-packages/airflow/cli/commands/task_command.py", line 341, in _run_raw_task
    return ti._run_raw_task(
           ^^^^^^^^^^^^^^^^^
  File "/home/airflow/.local/lib/python3.12/site-packages/airflow/utils/session.py", line 97, in wrapper
    return func(*args, session=session, **kwargs)
           ^^^^^^^^^^^^^^^^^^^^^^^^^^^^^^^^^^^^^^
  File "/home/airflow/.local/lib/python3.12/site-packages/airflow/models/taskinstance.py", line 3005, in _run_raw_task
    return _run_raw_task(
           ^^^^^^^^^^^^^^
  File "/home/airflow/.local/lib/python3.12/site-packages/airflow/models/taskinstance.py", line 273, in _run_raw_task
    TaskInstance._execute_task_with_callbacks(
  File "/home/airflow/.local/lib/python3.12/site-packages/airflow/models/taskinstance.py", line 3159, in _execute_task_with_callbacks
    result = self._execute_task(context, task_orig)
             ^^^^^^^^^^^^^^^^^^^^^^^^^^^^^^^^^^^^^^
  File "/home/airflow/.local/lib/python3.12/site-packages/airflow/models/taskinstance.py", line 3183, in _execute_task
    return _execute_task(self, context, task_orig)
           ^^^^^^^^^^^^^^^^^^^^^^^^^^^^^^^^^^^^^^^
  File "/home/airflow/.local/lib/python3.12/site-packages/airflow/models/taskinstance.py", line 767, in _execute_task
    result = _execute_callable(context=context, **execute_callable_kwargs)
             ^^^^^^^^^^^^^^^^^^^^^^^^^^^^^^^^^^^^^^^^^^^^^^^^^^^^^^^^^^^^^
  File "/home/airflow/.local/lib/python3.12/site-packages/airflow/models/taskinstance.py", line 733, in _execute_callable
    return ExecutionCallableRunner(
           ^^^^^^^^^^^^^^^^^^^^^^^^
  File "/home/airflow/.local/lib/python3.12/site-packages/airflow/utils/operator_helpers.py", line 252, in run
    return self.func(*args, **kwargs)
           ^^^^^^^^^^^^^^^^^^^^^^^^^^
  File "/home/airflow/.local/lib/python3.12/site-packages/airflow/models/baseoperator.py", line 417, in wrapper
    return func(self, *args, **kwargs)
           ^^^^^^^^^^^^^^^^^^^^^^^^^^^
  File "/home/airflow/.local/lib/python3.12/site-packages/airflow/providers/apache/spark/operators/spark_submit.py", line 176, in execute
    self._hook.submit(self.application)
  File "/home/airflow/.local/lib/python3.12/site-packages/airflow/providers/apache/spark/hooks/spark_submit.py", line 560, in submit
    raise AirflowException(
airflow.exceptions.AirflowException: Cannot execute: spark-submit --master spark://sparkingflow-spark-master-1:7077 --name arrow-spark --deploy-mode client jobs/python/wordcountjob.py. Error code is: 1.
[2024-12-08T14:45:02.906+0000] {local_task_job_runner.py:266} INFO - Task exited with return code 1
[2024-12-08T14:45:02.960+0000] {taskinstance.py:3895} INFO - 0 downstream tasks scheduled from follow-on schedule check
[2024-12-08T14:45:02.965+0000] {local_task_job_runner.py:245} INFO - ::endgroup::
