[2024-12-08T14:41:13.649+0000] {local_task_job_runner.py:123} INFO - ::group::Pre task execution logs
[2024-12-08T14:41:13.665+0000] {taskinstance.py:2613} INFO - Dependencies all met for dep_context=non-requeueable deps ti=<TaskInstance: sparking_flow.python_job manual__2024-12-08T14:41:12.103858+00:00 [queued]>
[2024-12-08T14:41:13.672+0000] {taskinstance.py:2613} INFO - Dependencies all met for dep_context=requeueable deps ti=<TaskInstance: sparking_flow.python_job manual__2024-12-08T14:41:12.103858+00:00 [queued]>
[2024-12-08T14:41:13.674+0000] {taskinstance.py:2866} INFO - Starting attempt 1 of 1
[2024-12-08T14:41:13.683+0000] {taskinstance.py:2889} INFO - Executing <Task(SparkSubmitOperator): python_job> on 2024-12-08 14:41:12.103858+00:00
[2024-12-08T14:41:13.689+0000] {logging_mixin.py:190} WARNING - /home/***/.local/lib/python3.12/site-packages/***/task/task_runner/standard_task_runner.py:70 DeprecationWarning: This process (pid=185) is multi-threaded, use of fork() may lead to deadlocks in the child.
[2024-12-08T14:41:13.692+0000] {standard_task_runner.py:72} INFO - Started process 190 to run task
[2024-12-08T14:41:13.691+0000] {standard_task_runner.py:104} INFO - Running: ['***', 'tasks', 'run', 'sparking_flow', 'python_job', 'manual__2024-12-08T14:41:12.103858+00:00', '--job-id', '170', '--raw', '--subdir', 'DAGS_FOLDER/spark_***.py', '--cfg-path', '/tmp/tmplbfylzvt']
[2024-12-08T14:41:13.697+0000] {standard_task_runner.py:105} INFO - Job 170: Subtask python_job
[2024-12-08T14:41:13.740+0000] {task_command.py:467} INFO - Running <TaskInstance: sparking_flow.python_job manual__2024-12-08T14:41:12.103858+00:00 [running]> on host 2a892a3469ec
[2024-12-08T14:41:13.815+0000] {taskinstance.py:3132} INFO - Exporting env vars: AIRFLOW_CTX_DAG_OWNER='Yusuf Ganiyu' AIRFLOW_CTX_DAG_ID='sparking_flow' AIRFLOW_CTX_TASK_ID='python_job' AIRFLOW_CTX_EXECUTION_DATE='2024-12-08T14:41:12.103858+00:00' AIRFLOW_CTX_TRY_NUMBER='1' AIRFLOW_CTX_DAG_RUN_ID='manual__2024-12-08T14:41:12.103858+00:00'
[2024-12-08T14:41:13.817+0000] {taskinstance.py:731} INFO - ::endgroup::
[2024-12-08T14:41:13.836+0000] {base.py:84} INFO - Retrieving connection 'spark-conn'
[2024-12-08T14:41:13.837+0000] {spark_submit.py:473} INFO - Spark-Submit cmd: spark-submit --master spark://sparkingflow-spark-master-1:7077 --name arrow-spark --deploy-mode client jobs/python/wordcountjob.py
[2024-12-08T14:41:19.110+0000] {spark_submit.py:634} INFO - 24/12/08 14:41:19 INFO SparkContext: Running Spark version 3.5.3
[2024-12-08T14:41:19.121+0000] {spark_submit.py:634} INFO - 24/12/08 14:41:19 INFO SparkContext: OS info Linux, 6.10.14-linuxkit, aarch64
[2024-12-08T14:41:19.130+0000] {spark_submit.py:634} INFO - 24/12/08 14:41:19 INFO SparkContext: Java version 17.0.13
[2024-12-08T14:41:19.223+0000] {spark_submit.py:634} INFO - 24/12/08 14:41:19 WARN NativeCodeLoader: Unable to load native-hadoop library for your platform... using builtin-java classes where applicable
[2024-12-08T14:41:19.418+0000] {spark_submit.py:634} INFO - 24/12/08 14:41:19 INFO ResourceUtils: ==============================================================
[2024-12-08T14:41:19.421+0000] {spark_submit.py:634} INFO - 24/12/08 14:41:19 INFO ResourceUtils: No custom resources configured for spark.driver.
[2024-12-08T14:41:19.427+0000] {spark_submit.py:634} INFO - 24/12/08 14:41:19 INFO ResourceUtils: ==============================================================
[2024-12-08T14:41:19.427+0000] {spark_submit.py:634} INFO - 24/12/08 14:41:19 INFO SparkContext: Submitted application: arrow-spark
[2024-12-08T14:41:19.461+0000] {spark_submit.py:634} INFO - 24/12/08 14:41:19 INFO ResourceProfile: Default ResourceProfile created, executor resources: Map(memory -> name: memory, amount: 1024, script: , vendor: , offHeap -> name: offHeap, amount: 0, script: , vendor: ), task resources: Map(cpus -> name: cpus, amount: 1.0)
[2024-12-08T14:41:19.478+0000] {spark_submit.py:634} INFO - 24/12/08 14:41:19 INFO ResourceProfile: Limiting resource is cpu
[2024-12-08T14:41:19.482+0000] {spark_submit.py:634} INFO - 24/12/08 14:41:19 INFO ResourceProfileManager: Added ResourceProfile id: 0
[2024-12-08T14:41:19.565+0000] {spark_submit.py:634} INFO - 24/12/08 14:41:19 INFO SecurityManager: Changing view acls to: ***
[2024-12-08T14:41:19.567+0000] {spark_submit.py:634} INFO - 24/12/08 14:41:19 INFO SecurityManager: Changing modify acls to: ***
[2024-12-08T14:41:19.570+0000] {spark_submit.py:634} INFO - 24/12/08 14:41:19 INFO SecurityManager: Changing view acls groups to:
[2024-12-08T14:41:19.579+0000] {spark_submit.py:634} INFO - 24/12/08 14:41:19 INFO SecurityManager: Changing modify acls groups to:
[2024-12-08T14:41:19.579+0000] {spark_submit.py:634} INFO - 24/12/08 14:41:19 INFO SecurityManager: SecurityManager: authentication disabled; ui acls disabled; users with view permissions: ***; groups with view permissions: EMPTY; users with modify permissions: ***; groups with modify permissions: EMPTY
[2024-12-08T14:41:19.978+0000] {spark_submit.py:634} INFO - 24/12/08 14:41:19 INFO Utils: Successfully started service 'sparkDriver' on port 45603.
[2024-12-08T14:41:20.030+0000] {spark_submit.py:634} INFO - 24/12/08 14:41:20 INFO SparkEnv: Registering MapOutputTracker
[2024-12-08T14:41:20.089+0000] {spark_submit.py:634} INFO - 24/12/08 14:41:20 INFO SparkEnv: Registering BlockManagerMaster
[2024-12-08T14:41:20.130+0000] {spark_submit.py:634} INFO - 24/12/08 14:41:20 INFO BlockManagerMasterEndpoint: Using org.apache.spark.storage.DefaultTopologyMapper for getting topology information
[2024-12-08T14:41:20.134+0000] {spark_submit.py:634} INFO - 24/12/08 14:41:20 INFO BlockManagerMasterEndpoint: BlockManagerMasterEndpoint up
[2024-12-08T14:41:20.141+0000] {spark_submit.py:634} INFO - 24/12/08 14:41:20 INFO SparkEnv: Registering BlockManagerMasterHeartbeat
[2024-12-08T14:41:20.172+0000] {spark_submit.py:634} INFO - 24/12/08 14:41:20 INFO DiskBlockManager: Created local directory at /tmp/blockmgr-4ac733c7-a7e1-4bc1-b7ea-0c4a6d787bc0
[2024-12-08T14:41:20.195+0000] {spark_submit.py:634} INFO - 24/12/08 14:41:20 INFO MemoryStore: MemoryStore started with capacity 434.4 MiB
[2024-12-08T14:41:20.227+0000] {spark_submit.py:634} INFO - 24/12/08 14:41:20 INFO SparkEnv: Registering OutputCommitCoordinator
[2024-12-08T14:41:20.462+0000] {spark_submit.py:634} INFO - 24/12/08 14:41:20 INFO JettyUtils: Start Jetty 0.0.0.0:4040 for SparkUI
[2024-12-08T14:41:20.571+0000] {spark_submit.py:634} INFO - 24/12/08 14:41:20 WARN Utils: Service 'SparkUI' could not bind on port 4040. Attempting port 4041.
[2024-12-08T14:41:20.575+0000] {spark_submit.py:634} INFO - 24/12/08 14:41:20 WARN Utils: Service 'SparkUI' could not bind on port 4041. Attempting port 4042.
[2024-12-08T14:41:20.639+0000] {spark_submit.py:634} INFO - 24/12/08 14:41:20 INFO Utils: Successfully started service 'SparkUI' on port 4042.
[2024-12-08T14:41:20.939+0000] {spark_submit.py:634} INFO - 24/12/08 14:41:20 INFO StandaloneAppClient$ClientEndpoint: Connecting to master spark://sparkingflow-spark-master-1:7077...
[2024-12-08T14:41:21.038+0000] {spark_submit.py:634} INFO - 24/12/08 14:41:21 INFO TransportClientFactory: Successfully created connection to sparkingflow-spark-master-1/172.18.0.5:7077 after 51 ms (0 ms spent in bootstraps)
[2024-12-08T14:41:21.261+0000] {spark_submit.py:634} INFO - 24/12/08 14:41:21 INFO StandaloneSchedulerBackend: Connected to Spark cluster with app ID app-20241208144121-0001
[2024-12-08T14:41:21.279+0000] {spark_submit.py:634} INFO - 24/12/08 14:41:21 INFO Utils: Successfully started service 'org.apache.spark.network.netty.NettyBlockTransferService' on port 38999.
[2024-12-08T14:41:21.280+0000] {spark_submit.py:634} INFO - 24/12/08 14:41:21 INFO NettyBlockTransferService: Server created on 2a892a3469ec:38999
[2024-12-08T14:41:21.284+0000] {spark_submit.py:634} INFO - 24/12/08 14:41:21 INFO BlockManager: Using org.apache.spark.storage.RandomBlockReplicationPolicy for block replication policy
[2024-12-08T14:41:21.297+0000] {spark_submit.py:634} INFO - 24/12/08 14:41:21 INFO BlockManagerMaster: Registering BlockManager BlockManagerId(driver, 2a892a3469ec, 38999, None)
[2024-12-08T14:41:21.308+0000] {spark_submit.py:634} INFO - 24/12/08 14:41:21 INFO BlockManagerMasterEndpoint: Registering block manager 2a892a3469ec:38999 with 434.4 MiB RAM, BlockManagerId(driver, 2a892a3469ec, 38999, None)
[2024-12-08T14:41:21.316+0000] {spark_submit.py:634} INFO - 24/12/08 14:41:21 INFO BlockManagerMaster: Registered BlockManager BlockManagerId(driver, 2a892a3469ec, 38999, None)
[2024-12-08T14:41:21.319+0000] {spark_submit.py:634} INFO - 24/12/08 14:41:21 INFO BlockManager: Initialized BlockManager: BlockManagerId(driver, 2a892a3469ec, 38999, None)
[2024-12-08T14:41:21.695+0000] {spark_submit.py:634} INFO - 24/12/08 14:41:21 INFO StandaloneSchedulerBackend: SchedulerBackend is ready for scheduling beginning after reached minRegisteredResourcesRatio: 0.0
[2024-12-08T14:41:21.762+0000] {spark_submit.py:634} INFO - Traceback (most recent call last):
[2024-12-08T14:41:21.763+0000] {spark_submit.py:634} INFO - File "/usr/local/lib/python3.12/urllib/parse.py", line 988, in urlencode
[2024-12-08T14:41:21.765+0000] {spark_submit.py:634} INFO - raise TypeError
[2024-12-08T14:41:21.765+0000] {spark_submit.py:634} INFO - TypeError
[2024-12-08T14:41:21.766+0000] {spark_submit.py:634} INFO - 
[2024-12-08T14:41:21.766+0000] {spark_submit.py:634} INFO - The above exception was the direct cause of the following exception:
[2024-12-08T14:41:21.766+0000] {spark_submit.py:634} INFO - 
[2024-12-08T14:41:21.770+0000] {spark_submit.py:634} INFO - Traceback (most recent call last):
[2024-12-08T14:41:21.770+0000] {spark_submit.py:634} INFO - File "/opt/***/jobs/python/wordcountjob.py", line 71, in <module>
[2024-12-08T14:41:21.771+0000] {spark_submit.py:634} INFO - file_path_clean = urllib.parse.urlencode(ftp_path, safe='|')
[2024-12-08T14:41:21.772+0000] {spark_submit.py:634} INFO - ^^^^^^^^^^^^^^^^^^^^^^^^^^^^^^^^^^^^^^^^^^
[2024-12-08T14:41:21.772+0000] {spark_submit.py:634} INFO - File "/usr/local/lib/python3.12/urllib/parse.py", line 994, in urlencode
[2024-12-08T14:41:21.773+0000] {spark_submit.py:634} INFO - raise TypeError("not a valid non-string sequence "
[2024-12-08T14:41:21.773+0000] {spark_submit.py:634} INFO - TypeError: not a valid non-string sequence or mapping object
[2024-12-08T14:41:21.838+0000] {spark_submit.py:634} INFO - 24/12/08 14:41:21 INFO SparkContext: Invoking stop() from shutdown hook
[2024-12-08T14:41:21.838+0000] {spark_submit.py:634} INFO - 24/12/08 14:41:21 INFO SparkContext: SparkContext is stopping with exitCode 0.
[2024-12-08T14:41:21.852+0000] {spark_submit.py:634} INFO - 24/12/08 14:41:21 INFO SparkUI: Stopped Spark web UI at http://2a892a3469ec:4042
[2024-12-08T14:41:21.857+0000] {spark_submit.py:634} INFO - 24/12/08 14:41:21 INFO StandaloneSchedulerBackend: Shutting down all executors
[2024-12-08T14:41:21.860+0000] {spark_submit.py:634} INFO - 24/12/08 14:41:21 INFO StandaloneSchedulerBackend$StandaloneDriverEndpoint: Asking each executor to shut down
[2024-12-08T14:41:21.879+0000] {spark_submit.py:634} INFO - 24/12/08 14:41:21 INFO MapOutputTrackerMasterEndpoint: MapOutputTrackerMasterEndpoint stopped!
[2024-12-08T14:41:21.896+0000] {spark_submit.py:634} INFO - 24/12/08 14:41:21 INFO MemoryStore: MemoryStore cleared
[2024-12-08T14:41:21.897+0000] {spark_submit.py:634} INFO - 24/12/08 14:41:21 INFO BlockManager: BlockManager stopped
[2024-12-08T14:41:21.903+0000] {spark_submit.py:634} INFO - 24/12/08 14:41:21 INFO BlockManagerMaster: BlockManagerMaster stopped
[2024-12-08T14:41:21.905+0000] {spark_submit.py:634} INFO - 24/12/08 14:41:21 INFO OutputCommitCoordinator$OutputCommitCoordinatorEndpoint: OutputCommitCoordinator stopped!
[2024-12-08T14:41:21.915+0000] {spark_submit.py:634} INFO - 24/12/08 14:41:21 INFO SparkContext: Successfully stopped SparkContext
[2024-12-08T14:41:21.916+0000] {spark_submit.py:634} INFO - 24/12/08 14:41:21 INFO ShutdownHookManager: Shutdown hook called
[2024-12-08T14:41:21.916+0000] {spark_submit.py:634} INFO - 24/12/08 14:41:21 INFO ShutdownHookManager: Deleting directory /tmp/spark-7eb511a0-baec-4b5d-8fe6-80a42cd18358
[2024-12-08T14:41:21.919+0000] {spark_submit.py:634} INFO - 24/12/08 14:41:21 INFO ShutdownHookManager: Deleting directory /tmp/spark-f3d7f138-ab39-4668-8b12-04b9e04c27a4
[2024-12-08T14:41:21.923+0000] {spark_submit.py:634} INFO - 24/12/08 14:41:21 INFO ShutdownHookManager: Deleting directory /tmp/spark-7eb511a0-baec-4b5d-8fe6-80a42cd18358/pyspark-0f595422-5b27-4b6a-a4d8-71a85d18aae4
[2024-12-08T14:41:21.974+0000] {taskinstance.py:3311} ERROR - Task failed with exception
Traceback (most recent call last):
  File "/home/airflow/.local/lib/python3.12/site-packages/airflow/models/taskinstance.py", line 767, in _execute_task
    result = _execute_callable(context=context, **execute_callable_kwargs)
             ^^^^^^^^^^^^^^^^^^^^^^^^^^^^^^^^^^^^^^^^^^^^^^^^^^^^^^^^^^^^^
  File "/home/airflow/.local/lib/python3.12/site-packages/airflow/models/taskinstance.py", line 733, in _execute_callable
    return ExecutionCallableRunner(
           ^^^^^^^^^^^^^^^^^^^^^^^^
  File "/home/airflow/.local/lib/python3.12/site-packages/airflow/utils/operator_helpers.py", line 252, in run
    return self.func(*args, **kwargs)
           ^^^^^^^^^^^^^^^^^^^^^^^^^^
  File "/home/airflow/.local/lib/python3.12/site-packages/airflow/models/baseoperator.py", line 417, in wrapper
    return func(self, *args, **kwargs)
           ^^^^^^^^^^^^^^^^^^^^^^^^^^^
  File "/home/airflow/.local/lib/python3.12/site-packages/airflow/providers/apache/spark/operators/spark_submit.py", line 176, in execute
    self._hook.submit(self.application)
  File "/home/airflow/.local/lib/python3.12/site-packages/airflow/providers/apache/spark/hooks/spark_submit.py", line 560, in submit
    raise AirflowException(
airflow.exceptions.AirflowException: Cannot execute: spark-submit --master spark://sparkingflow-spark-master-1:7077 --name arrow-spark --deploy-mode client jobs/python/wordcountjob.py. Error code is: 1.
[2024-12-08T14:41:21.983+0000] {taskinstance.py:1225} INFO - Marking task as FAILED. dag_id=sparking_flow, task_id=python_job, run_id=manual__2024-12-08T14:41:12.103858+00:00, execution_date=20241208T144112, start_date=20241208T144113, end_date=20241208T144121
[2024-12-08T14:41:21.999+0000] {taskinstance.py:340} INFO - ::group::Post task execution logs
[2024-12-08T14:41:21.999+0000] {standard_task_runner.py:124} ERROR - Failed to execute job 170 for task python_job (Cannot execute: spark-submit --master spark://sparkingflow-spark-master-1:7077 --name arrow-spark --deploy-mode client jobs/python/wordcountjob.py. Error code is: 1.; 190)
Traceback (most recent call last):
  File "/home/airflow/.local/lib/python3.12/site-packages/airflow/task/task_runner/standard_task_runner.py", line 117, in _start_by_fork
    ret = args.func(args, dag=self.dag)
          ^^^^^^^^^^^^^^^^^^^^^^^^^^^^^
  File "/home/airflow/.local/lib/python3.12/site-packages/airflow/cli/cli_config.py", line 49, in command
    return func(*args, **kwargs)
           ^^^^^^^^^^^^^^^^^^^^^
  File "/home/airflow/.local/lib/python3.12/site-packages/airflow/utils/cli.py", line 116, in wrapper
    return f(*args, **kwargs)
           ^^^^^^^^^^^^^^^^^^
  File "/home/airflow/.local/lib/python3.12/site-packages/airflow/cli/commands/task_command.py", line 483, in task_run
    task_return_code = _run_task_by_selected_method(args, _dag, ti)
                       ^^^^^^^^^^^^^^^^^^^^^^^^^^^^^^^^^^^^^^^^^^^^
  File "/home/airflow/.local/lib/python3.12/site-packages/airflow/cli/commands/task_command.py", line 256, in _run_task_by_selected_method
    return _run_raw_task(args, ti)
           ^^^^^^^^^^^^^^^^^^^^^^^
  File "/home/airflow/.local/lib/python3.12/site-packages/airflow/cli/commands/task_command.py", line 341, in _run_raw_task
    return ti._run_raw_task(
           ^^^^^^^^^^^^^^^^^
  File "/home/airflow/.local/lib/python3.12/site-packages/airflow/utils/session.py", line 97, in wrapper
    return func(*args, session=session, **kwargs)
           ^^^^^^^^^^^^^^^^^^^^^^^^^^^^^^^^^^^^^^
  File "/home/airflow/.local/lib/python3.12/site-packages/airflow/models/taskinstance.py", line 3005, in _run_raw_task
    return _run_raw_task(
           ^^^^^^^^^^^^^^
  File "/home/airflow/.local/lib/python3.12/site-packages/airflow/models/taskinstance.py", line 273, in _run_raw_task
    TaskInstance._execute_task_with_callbacks(
  File "/home/airflow/.local/lib/python3.12/site-packages/airflow/models/taskinstance.py", line 3159, in _execute_task_with_callbacks
    result = self._execute_task(context, task_orig)
             ^^^^^^^^^^^^^^^^^^^^^^^^^^^^^^^^^^^^^^
  File "/home/airflow/.local/lib/python3.12/site-packages/airflow/models/taskinstance.py", line 3183, in _execute_task
    return _execute_task(self, context, task_orig)
           ^^^^^^^^^^^^^^^^^^^^^^^^^^^^^^^^^^^^^^^
  File "/home/airflow/.local/lib/python3.12/site-packages/airflow/models/taskinstance.py", line 767, in _execute_task
    result = _execute_callable(context=context, **execute_callable_kwargs)
             ^^^^^^^^^^^^^^^^^^^^^^^^^^^^^^^^^^^^^^^^^^^^^^^^^^^^^^^^^^^^^
  File "/home/airflow/.local/lib/python3.12/site-packages/airflow/models/taskinstance.py", line 733, in _execute_callable
    return ExecutionCallableRunner(
           ^^^^^^^^^^^^^^^^^^^^^^^^
  File "/home/airflow/.local/lib/python3.12/site-packages/airflow/utils/operator_helpers.py", line 252, in run
    return self.func(*args, **kwargs)
           ^^^^^^^^^^^^^^^^^^^^^^^^^^
  File "/home/airflow/.local/lib/python3.12/site-packages/airflow/models/baseoperator.py", line 417, in wrapper
    return func(self, *args, **kwargs)
           ^^^^^^^^^^^^^^^^^^^^^^^^^^^
  File "/home/airflow/.local/lib/python3.12/site-packages/airflow/providers/apache/spark/operators/spark_submit.py", line 176, in execute
    self._hook.submit(self.application)
  File "/home/airflow/.local/lib/python3.12/site-packages/airflow/providers/apache/spark/hooks/spark_submit.py", line 560, in submit
    raise AirflowException(
airflow.exceptions.AirflowException: Cannot execute: spark-submit --master spark://sparkingflow-spark-master-1:7077 --name arrow-spark --deploy-mode client jobs/python/wordcountjob.py. Error code is: 1.
[2024-12-08T14:41:22.021+0000] {local_task_job_runner.py:266} INFO - Task exited with return code 1
[2024-12-08T14:41:22.056+0000] {taskinstance.py:3895} INFO - 0 downstream tasks scheduled from follow-on schedule check
[2024-12-08T14:41:22.059+0000] {local_task_job_runner.py:245} INFO - ::endgroup::
